[0m17:36:56.437049 [debug] [MainThread]: Sending event: {'category': 'dbt', 'action': 'invocation', 'label': 'start', 'context': [<snowplow_tracker.self_describing_json.SelfDescribingJson object at 0x000001994DC0F220>, <snowplow_tracker.self_describing_json.SelfDescribingJson object at 0x0000019950606890>, <snowplow_tracker.self_describing_json.SelfDescribingJson object at 0x0000019950606680>]}


============================== 17:36:56.445056 | 26bfaf52-e479-4b32-8cfa-c0029620f687 ==============================
[0m17:36:56.445056 [info ] [MainThread]: Running with dbt=1.8.5
[0m17:36:56.446056 [debug] [MainThread]: running dbt with arguments {'printer_width': '80', 'indirect_selection': 'eager', 'log_cache_events': 'False', 'write_json': 'True', 'partial_parse': 'True', 'cache_selected_only': 'False', 'warn_error': 'None', 'debug': 'False', 'profiles_dir': 'C:\\Users\\User\\.dbt', 'log_path': 'logs', 'fail_fast': 'False', 'version_check': 'True', 'use_colors': 'True', 'use_experimental_parser': 'False', 'no_print': 'None', 'quiet': 'False', 'empty': 'None', 'log_format': 'default', 'static_parser': 'True', 'warn_error_options': 'WarnErrorOptions(include=[], exclude=[])', 'invocation_command': 'dbt init taxi_dbt_project', 'target_path': 'None', 'introspect': 'True', 'send_anonymous_usage_stats': 'True'}
[0m17:36:56.478396 [warn ] [MainThread]: [ConfigFolderDirectory]: Unable to parse dict {'dir': WindowsPath('C:/Users/User/.dbt')}
[0m17:36:56.479397 [info ] [MainThread]: Creating dbt configuration folder at 
[0m17:36:56.482395 [debug] [MainThread]: Starter project path: C:\Users\User\AppData\Local\Programs\Python\Python310\lib\site-packages\dbt\include\starter_project
[0m17:36:56.559396 [info ] [MainThread]: 
Your new dbt project "taxi_dbt_project" was created!

For more information on how to configure the profiles.yml file,
please consult the dbt documentation here:

  https://docs.getdbt.com/docs/configure-your-profile

One more thing:

Need help? Don't hesitate to reach out to us via GitHub issues or on Slack:

  https://community.getdbt.com/

Happy modeling!

[0m17:36:56.560396 [info ] [MainThread]: Setting up your profile.
[0m17:46:48.996283 [info ] [MainThread]: Profile taxi_dbt_project written to C:\Users\User\.dbt\profiles.yml using target's profile_template.yml and your supplied values. Run 'dbt debug' to validate the connection.
[0m17:46:49.001288 [debug] [MainThread]: Command `dbt init` succeeded at 17:46:49.000316 after 592.68 seconds
[0m17:46:49.003288 [debug] [MainThread]: Sending event: {'category': 'dbt', 'action': 'invocation', 'label': 'end', 'context': [<snowplow_tracker.self_describing_json.SelfDescribingJson object at 0x000001994DC0F220>, <snowplow_tracker.self_describing_json.SelfDescribingJson object at 0x00000199506065C0>, <snowplow_tracker.self_describing_json.SelfDescribingJson object at 0x0000019950606890>]}
[0m17:46:49.005286 [debug] [MainThread]: Flushing usage events
[0m18:35:17.057777 [debug] [MainThread]: Sending event: {'category': 'dbt', 'action': 'invocation', 'label': 'start', 'context': [<snowplow_tracker.self_describing_json.SelfDescribingJson object at 0x000001B5F962F1C0>, <snowplow_tracker.self_describing_json.SelfDescribingJson object at 0x000001B5FC01D3F0>, <snowplow_tracker.self_describing_json.SelfDescribingJson object at 0x000001B5FC01D210>]}


============================== 18:35:17.064774 | c5bb85c2-9156-479a-ae65-f2e4dd58407e ==============================
[0m18:35:17.064774 [info ] [MainThread]: Running with dbt=1.8.5
[0m18:35:17.065773 [debug] [MainThread]: running dbt with arguments {'printer_width': '80', 'indirect_selection': 'eager', 'log_cache_events': 'False', 'write_json': 'True', 'partial_parse': 'True', 'cache_selected_only': 'False', 'warn_error': 'None', 'fail_fast': 'False', 'profiles_dir': 'C:\\Users\\User\\.dbt', 'log_path': 'logs', 'debug': 'False', 'version_check': 'True', 'use_colors': 'True', 'use_experimental_parser': 'False', 'no_print': 'None', 'quiet': 'False', 'empty': 'None', 'log_format': 'default', 'invocation_command': 'dbt init dbt_taxi_project', 'introspect': 'True', 'warn_error_options': 'WarnErrorOptions(include=[], exclude=[])', 'target_path': 'None', 'static_parser': 'True', 'send_anonymous_usage_stats': 'True'}
[0m18:35:17.103777 [debug] [MainThread]: Starter project path: C:\Users\User\AppData\Local\Programs\Python\Python310\lib\site-packages\dbt\include\starter_project
[0m18:35:17.154773 [info ] [MainThread]: 
Your new dbt project "dbt_taxi_project" was created!

For more information on how to configure the profiles.yml file,
please consult the dbt documentation here:

  https://docs.getdbt.com/docs/configure-your-profile

One more thing:

Need help? Don't hesitate to reach out to us via GitHub issues or on Slack:

  https://community.getdbt.com/

Happy modeling!

[0m18:35:17.155773 [info ] [MainThread]: Setting up your profile.
[0m18:37:36.518505 [info ] [MainThread]: Profile dbt_taxi_project written to C:\Users\User\.dbt\profiles.yml using target's profile_template.yml and your supplied values. Run 'dbt debug' to validate the connection.
[0m18:37:36.521536 [debug] [MainThread]: Command `dbt init` succeeded at 18:37:36.520504 after 139.57 seconds
[0m18:37:36.523502 [debug] [MainThread]: Sending event: {'category': 'dbt', 'action': 'invocation', 'label': 'end', 'context': [<snowplow_tracker.self_describing_json.SelfDescribingJson object at 0x000001B5F962F1C0>, <snowplow_tracker.self_describing_json.SelfDescribingJson object at 0x000001B5FC01FC10>, <snowplow_tracker.self_describing_json.SelfDescribingJson object at 0x000001B5FC01D3F0>]}
[0m18:37:36.526552 [debug] [MainThread]: Flushing usage events
[0m18:37:47.265370 [debug] [MainThread]: Sending event: {'category': 'dbt', 'action': 'invocation', 'label': 'start', 'context': [<snowplow_tracker.self_describing_json.SelfDescribingJson object at 0x0000017C7E02F190>, <snowplow_tracker.self_describing_json.SelfDescribingJson object at 0x0000017C00A6A6E0>, <snowplow_tracker.self_describing_json.SelfDescribingJson object at 0x0000017C00A6A500>]}


============================== 18:37:47.271369 | 56987904-0d99-48a2-8f61-f2d201b45caf ==============================
[0m18:37:47.271369 [info ] [MainThread]: Running with dbt=1.8.5
[0m18:37:47.272371 [debug] [MainThread]: running dbt with arguments {'printer_width': '80', 'indirect_selection': 'eager', 'write_json': 'True', 'log_cache_events': 'False', 'partial_parse': 'True', 'cache_selected_only': 'False', 'profiles_dir': 'C:\\Users\\User\\.dbt', 'version_check': 'True', 'debug': 'False', 'log_path': 'logs', 'warn_error': 'None', 'fail_fast': 'False', 'use_colors': 'True', 'use_experimental_parser': 'False', 'empty': 'None', 'quiet': 'False', 'no_print': 'None', 'log_format': 'default', 'introspect': 'True', 'static_parser': 'True', 'warn_error_options': 'WarnErrorOptions(include=[], exclude=[])', 'target_path': 'None', 'invocation_command': 'dbt debug', 'send_anonymous_usage_stats': 'True'}
[0m18:37:47.303976 [info ] [MainThread]: dbt version: 1.8.5
[0m18:37:47.304979 [info ] [MainThread]: python version: 3.10.9
[0m18:37:47.305977 [info ] [MainThread]: python path: C:\Users\User\AppData\Local\Programs\Python\Python310\python.exe
[0m18:37:47.306976 [info ] [MainThread]: os info: Windows-10-10.0.19045-SP0
[0m18:37:48.807683 [info ] [MainThread]: Using profiles dir at C:\Users\User\.dbt
[0m18:37:48.808712 [info ] [MainThread]: Using profiles.yml file at C:\Users\User\.dbt\profiles.yml
[0m18:37:48.809684 [info ] [MainThread]: Using dbt_project.yml file at C:\chicago_taxi_project\dbt_project.yml
[0m18:37:48.810713 [error] [MainThread]: Encountered an error:
Internal Error
  Profile should not be None if loading profile completed
[0m18:37:48.812718 [debug] [MainThread]: Command `dbt debug` failed at 18:37:48.812718 after 1.66 seconds
[0m18:37:48.813721 [debug] [MainThread]: Sending event: {'category': 'dbt', 'action': 'invocation', 'label': 'end', 'context': [<snowplow_tracker.self_describing_json.SelfDescribingJson object at 0x0000017C7E02F190>, <snowplow_tracker.self_describing_json.SelfDescribingJson object at 0x0000017C09EEB1F0>, <snowplow_tracker.self_describing_json.SelfDescribingJson object at 0x0000017C00A63A30>]}
[0m18:37:48.814719 [debug] [MainThread]: Flushing usage events
[0m14:56:43.422067 [debug] [MainThread]: Sending event: {'category': 'dbt', 'action': 'invocation', 'label': 'start', 'context': [<snowplow_tracker.self_describing_json.SelfDescribingJson object at 0x0000019F7FDAF190>, <snowplow_tracker.self_describing_json.SelfDescribingJson object at 0x0000019F0303AC50>, <snowplow_tracker.self_describing_json.SelfDescribingJson object at 0x0000019F0303AA70>]}


============================== 14:56:43.431059 | 9af44a7a-da55-4b71-917e-e13f8b7c61ae ==============================
[0m14:56:43.431059 [info ] [MainThread]: Running with dbt=1.8.5
[0m14:56:43.433058 [debug] [MainThread]: running dbt with arguments {'printer_width': '80', 'indirect_selection': 'eager', 'write_json': 'True', 'log_cache_events': 'False', 'partial_parse': 'True', 'cache_selected_only': 'False', 'warn_error': 'None', 'debug': 'False', 'version_check': 'True', 'log_path': 'logs', 'fail_fast': 'False', 'profiles_dir': 'C:\\Users\\User\\.dbt', 'use_colors': 'True', 'use_experimental_parser': 'False', 'no_print': 'None', 'quiet': 'False', 'empty': 'False', 'warn_error_options': 'WarnErrorOptions(include=[], exclude=[])', 'static_parser': 'True', 'log_format': 'default', 'introspect': 'True', 'target_path': 'None', 'invocation_command': 'dbt build', 'send_anonymous_usage_stats': 'True'}
[0m14:56:43.434057 [error] [MainThread]: Encountered an error:
Runtime Error
  No dbt_project.yml found at expected path C:\chicago_taxi_project\dbt_project.yml
  Verify that each entry within packages.yml (and their transitive dependencies) contains a file named dbt_project.yml
  
[0m14:56:43.436057 [debug] [MainThread]: Command `dbt build` failed at 14:56:43.436057 after 0.15 seconds
[0m14:56:43.437055 [debug] [MainThread]: Sending event: {'category': 'dbt', 'action': 'invocation', 'label': 'end', 'context': [<snowplow_tracker.self_describing_json.SelfDescribingJson object at 0x0000019F7FDAF190>, <snowplow_tracker.self_describing_json.SelfDescribingJson object at 0x0000019F0303A980>, <snowplow_tracker.self_describing_json.SelfDescribingJson object at 0x0000019F0303ACE0>]}
[0m14:56:43.438056 [debug] [MainThread]: Flushing usage events
